[debug] [2025-08-10T06:28:55.137Z] ----------------------------------------------------------------------
[debug] [2025-08-10T06:28:55.139Z] Command:       C:\Program Files\nodejs\node.exe C:\Users\Shashank\AppData\Roaming\npm\node_modules\firebase-tools\lib\bin\firebase.js init hosting
[debug] [2025-08-10T06:28:55.140Z] CLI Version:   14.12.0
[debug] [2025-08-10T06:28:55.140Z] Platform:      win32
[debug] [2025-08-10T06:28:55.140Z] Node Version:  v22.15.0
[debug] [2025-08-10T06:28:55.140Z] Time:          Sun Aug 10 2025 11:58:55 GMT+0530 (India Standard Time)
[debug] [2025-08-10T06:28:55.140Z] ----------------------------------------------------------------------
[debug] 
[debug] [2025-08-10T06:28:55.144Z] > command requires scopes: ["email","openid","https://www.googleapis.com/auth/cloudplatformprojects.readonly","https://www.googleapis.com/auth/firebase","https://www.googleapis.com/auth/cloud-platform"]
[debug] [2025-08-10T06:28:55.145Z] > authorizing via signed-in user (shashanksingh56074@gmail.com)
[info] 
     ######## #### ########  ######## ########     ###     ######  ########
     ##        ##  ##     ## ##       ##     ##  ##   ##  ##       ##
     ######    ##  ########  ######   ########  #########  ######  ######
     ##        ##  ##    ##  ##       ##     ## ##     ##       ## ##
     ##       #### ##     ## ######## ########  ##     ##  ######  ########

You're about to initialize a Firebase project in this directory:

  C:\Users\Shashank\Desktop\UNIFIED MENTOR\Gym

[debug] [2025-08-10T06:28:58.802Z] ExitPromptError: User force closed the prompt with SIGINT
    at Interface.sigint (C:\Users\Shashank\AppData\Roaming\npm\node_modules\firebase-tools\node_modules\@inquirer\core\dist\commonjs\lib\create-prompt.js:101:37)
    at Interface.emit (node:events:518:28)
    at Interface.emit (node:domain:489:12)
    at [_ttyWrite] [as _ttyWrite] (node:internal/readline/interface:1128:18)
    at ReadStream.onkeypress (node:internal/readline/interface:267:20)
    at ReadStream.emit (node:events:530:35)
    at ReadStream.emit (node:domain:489:12)
    at emitKeys (node:internal/readline/utils:370:14)
    at emitKeys.next (<anonymous>)
    at ReadStream.onData (node:internal/readline/emitKeypressEvents:64:36)
[error] 
[error] Error: An unexpected error has occurred.
